current directory: /Users/raymond.li/Desktop/projects/job-ruby/gems/date-3.3.4/ext/date
/Users/raymond.li/.rbenv/versions/2.7.8/bin/ruby -I /Users/raymond.li/.rbenv/versions/2.7.8/lib/ruby/2.7.0 -r ./siteconf20231229-26629-syuv68.rb extconf.rb
checking for rb_category_warn()... no
checking for timezone in time.h with  -Werror... yes
checking for altzone in time.h with  -Werror... no
creating Makefile

current directory: /Users/raymond.li/Desktop/projects/job-ruby/gems/date-3.3.4/ext/date
make "DESTDIR=" clean

current directory: /Users/raymond.li/Desktop/projects/job-ruby/gems/date-3.3.4/ext/date
make "DESTDIR="
compiling date_core.c
compiling date_parse.c
compiling date_strftime.c
compiling date_strptime.c
linking shared-object date_core.bundle
ld: warning: -multiply_defined is obsolete
ld: warning: ignoring duplicate libraries: '-lruby.2.7'

current directory: /Users/raymond.li/Desktop/projects/job-ruby/gems/date-3.3.4/ext/date
make "DESTDIR=" install
/usr/bin/install -c -m 0755 date_core.bundle ./.gem.20231229-26629-1r47f27
