current directory: /Users/raymond.li/Desktop/projects/job-ruby/gems/bcrypt-3.1.20/ext/mri
/Users/raymond.li/.rbenv/versions/2.7.8/bin/ruby -I /Users/raymond.li/.rbenv/versions/2.7.8/lib/ruby/2.7.0 -r ./siteconf20231229-26629-17lxfw0.rb extconf.rb
creating Makefile

current directory: /Users/raymond.li/Desktop/projects/job-ruby/gems/bcrypt-3.1.20/ext/mri
make "DESTDIR=" clean

current directory: /Users/raymond.li/Desktop/projects/job-ruby/gems/bcrypt-3.1.20/ext/mri
make "DESTDIR="
compiling bcrypt_ext.c
compiling crypt_blowfish.c
clang  -D__SKIP_GNU -I/Users/raymond.li/.rbenv/versions/2.7.8/include  -D_XOPEN_SOURCE -D_DARWIN_C_SOURCE -D_DARWIN_UNLIMITED_SELECT -D_REENTRANT    -c -o x86.o x86.S
compiling crypt_gensalt.c
compiling wrapper.c
wrapper.c:182:60: warning: declaration of 'struct crypt_data' will not be visible outside of this function [-Wvisibility]
char *crypt_r(const char *key, const char *setting, struct crypt_data *data)
                                                           ^
1 warning generated.
linking shared-object bcrypt_ext.bundle
ld: warning: -multiply_defined is obsolete
ld: warning: ignoring duplicate libraries: '-lruby.2.7'

current directory: /Users/raymond.li/Desktop/projects/job-ruby/gems/bcrypt-3.1.20/ext/mri
make "DESTDIR=" install
/usr/bin/install -c -m 0755 bcrypt_ext.bundle ./.gem.20231229-26629-1c5eaew
