current directory: /Users/raymond.li/Desktop/projects/job-ruby/gems/msgpack-1.7.2/ext/msgpack
/Users/raymond.li/.rbenv/versions/2.7.8/bin/ruby -I /Users/raymond.li/.rbenv/versions/2.7.8/lib/ruby/2.7.0 -r ./siteconf20231229-26629-1pekrc.rb extconf.rb
checking for rb_enc_interned_str() in ruby.h... no
checking for rb_hash_new_capa() in ruby.h... no
checking for rb_proc_call_with_block() in ruby.h... yes
checking for whether -fvisibility=hidden is accepted as CFLAGS... yes
checking for whether -I.. is accepted as CFLAGS... yes
checking for whether -Wall is accepted as CFLAGS... yes
checking for whether -O3 is accepted as CFLAGS... yes
checking for whether -std=gnu99 is accepted as CFLAGS... yes
checking for whether -ggdb3 is accepted as CFLAGS... yes
checking for whether -DHASH_ASET_DEDUPE=1 is accepted as CFLAGS... yes
checking for whether -DSTR_UMINUS_DEDUPE_FROZEN=0 is accepted as CFLAGS... yes
creating Makefile

current directory: /Users/raymond.li/Desktop/projects/job-ruby/gems/msgpack-1.7.2/ext/msgpack
make "DESTDIR=" clean

current directory: /Users/raymond.li/Desktop/projects/job-ruby/gems/msgpack-1.7.2/ext/msgpack
make "DESTDIR="
compiling buffer.c
compiling buffer_class.c
compiling extension_value_class.c
compiling factory_class.c
compiling packer.c
compiling packer_class.c
compiling packer_ext_registry.c
compiling rbinit.c
compiling rmem.c
compiling unpacker.c
compiling unpacker_class.c
compiling unpacker_ext_registry.c
linking shared-object msgpack/msgpack.bundle
ld: warning: -multiply_defined is obsolete
ld: warning: ignoring duplicate libraries: '-lruby.2.7'

current directory: /Users/raymond.li/Desktop/projects/job-ruby/gems/msgpack-1.7.2/ext/msgpack
make "DESTDIR=" install
/usr/bin/install -c -m 0755 msgpack.bundle ./.gem.20231229-26629-1m9bp88/msgpack
